TN:
SF:api/health.js
FN:13,leerConfig
FN:15,valor
FN:19,revisarSupabase
FN:36,health
FNF:4
FNH:4
FNDA:3,leerConfig
FNDA:6,valor
FNDA:3,revisarSupabase
FNDA:3,health
DA:1,1
DA:2,1
DA:3,1
DA:4,1
DA:5,1
DA:6,1
DA:7,1
DA:8,1
DA:9,1
DA:10,1
DA:11,1
DA:12,1
DA:13,3
DA:14,3
DA:15,3
DA:16,3
DA:17,3
DA:18,1
DA:19,3
DA:20,3
DA:21,3
DA:22,3
DA:23,3
DA:24,3
DA:25,3
DA:26,3
DA:27,3
DA:28,1
DA:29,1
DA:30,1
DA:31,1
DA:32,1
DA:33,1
DA:34,3
DA:35,1
DA:36,1
DA:37,3
DA:38,3
DA:39,3
DA:40,3
DA:41,3
DA:42,3
DA:43,3
DA:44,3
DA:45,3
DA:46,3
DA:47,3
DA:48,3
DA:49,1
LF:49
LH:49
BRDA:1,0,0,1
BRDA:13,1,0,3
BRDA:15,2,0,6
BRDA:15,3,0,0
BRDA:19,4,0,3
BRDA:26,5,0,2
BRDA:26,6,0,1
BRDA:26,7,0,1
BRDA:27,8,0,1
BRDA:30,9,0,0
BRDA:36,10,0,3
BRDA:39,11,0,1
BRDA:39,12,0,2
BRDA:43,13,0,1
BRDA:43,14,0,2
BRF:15
BRH:13
end_of_record
TN:
SF:js/app.js
FN:7,salir
FN:13,miles
FN:15,fmt
FN:16,fmt0
FN:17,usd
FN:18,pct
FN:19,pct1
FN:20,monto
FN:21,entero
FN:27,leerNumero
FN:34,leerMonto
FN:35,leerEntero
FN:39,esc
FN:43,esEscritorio
FN:55,mensajeDe
FN:78,avisar
FN:93,contar
FN:99,paso
FN:109,pintarKpis
FN:120,vacio
FN:130,showTab
FN:143,alternarPanel
FN:157,addCaja
FN:202,cargarCajas
FN:214,renderCajas
FN:300,cambiarColchon
FN:320,llenarSelectCajas
FN:336,calcularSugerido
FN:376,ajustarOrigen
FN:386,elegirFoto
FN:407,addProducto
FN:449,venderProducto
FN:466,cambiarPrecio
FN:484,cargarProductos
FN:503,esBajo
FN:504,conPerdida
FN:505,todos
FN:507,renderProductos
FN:572,addFiado
FN:598,abonar
FN:616,cargarFiados
FN:635,todos
FN:636,pendientes
FN:637,pagados
FN:641,tonoDe
FN:642,inicialesDe
FN:644,renderFiados
FN:688,renderResumen
FNF:48
FNH:42
FNDA:0,salir
FNDA:1429,miles
FNDA:243,fmt
FNDA:1151,fmt0
FNDA:35,usd
FNDA:14,pct
FNDA:7,pct1
FNDA:28,monto
FNDA:1545,entero
FNDA:10,leerNumero
FNDA:6,leerMonto
FNDA:4,leerEntero
FNDA:146,esc
FNDA:3,esEscritorio
FNDA:6,mensajeDe
FNDA:17,avisar
FNDA:68,contar
FNDA:2696,paso
FNDA:17,pintarKpis
FNDA:0,vacio
FNDA:0,showTab
FNDA:3,alternarPanel
FNDA:2,addCaja
FNDA:7,cargarCajas
FNDA:7,renderCajas
FNDA:0,cambiarColchon
FNDA:7,llenarSelectCajas
FNDA:7,calcularSugerido
FNDA:0,ajustarOrigen
FNDA:2,elegirFoto
FNDA:2,addProducto
FNDA:4,venderProducto
FNDA:2,cambiarPrecio
FNDA:6,cargarProductos
FNDA:144,esBajo
FNDA:144,conPerdida
FNDA:96,todos
FNDA:6,renderProductos
FNDA:2,addFiado
FNDA:4,abonar
FNDA:4,cargarFiados
FNDA:24,todos
FNDA:12,pendientes
FNDA:12,pagados
FNDA:12,tonoDe
FNDA:12,inicialesDe
FNDA:4,renderFiados
FNDA:0,renderResumen
DA:1,1
DA:2,1
DA:3,1
DA:4,1
DA:5,1
DA:6,1
DA:7,0
DA:8,0
DA:9,0
DA:10,0
DA:11,1
DA:12,1
DA:13,1
DA:14,1
DA:15,1
DA:16,1
DA:17,1
DA:18,1
DA:19,1
DA:20,1
DA:21,1
DA:22,1
DA:23,1
DA:24,1
DA:25,1
DA:26,1
DA:27,10
DA:28,10
DA:29,10
DA:30,10
DA:31,9
DA:32,10
DA:33,10
DA:34,1
DA:35,1
DA:36,1
DA:37,1
DA:38,1
DA:39,1
DA:40,1
DA:41,1
DA:42,1
DA:43,1
DA:44,1
DA:45,1
DA:46,1
DA:47,1
DA:48,1
DA:49,1
DA:50,1
DA:51,1
DA:52,1
DA:53,1
DA:54,1
DA:55,6
DA:56,6
DA:57,6
DA:58,6
DA:59,6
DA:60,0
DA:61,0
DA:62,6
DA:63,0
DA:64,0
DA:65,6
DA:66,0
DA:67,0
DA:68,6
DA:69,6
DA:70,0
DA:71,0
DA:72,6
DA:73,0
DA:74,6
DA:75,1
DA:76,1
DA:77,1
DA:78,17
DA:79,17
DA:80,17
DA:81,17
DA:82,17
DA:83,17
DA:84,17
DA:85,17
DA:86,17
DA:87,17
DA:88,17
DA:89,17
DA:90,17
DA:91,1
DA:92,1
DA:93,68
DA:94,68
DA:95,68
DA:96,68
DA:97,68
DA:98,68
DA:99,68
DA:100,2696
DA:101,2696
DA:102,2696
DA:103,2696
DA:104,68
DA:105,68
DA:106,68
DA:107,1
DA:108,1
DA:109,17
DA:110,17
DA:111,17
DA:112,68
DA:113,68
DA:114,68
DA:115,68
DA:116,17
DA:117,17
DA:118,17
DA:119,1
DA:120,0
DA:121,0
DA:122,0
DA:123,0
DA:124,0
DA:125,0
DA:126,0
DA:127,0
DA:128,1
DA:129,1
DA:130,0
DA:131,0
DA:132,0
DA:133,0
DA:134,0
DA:135,0
DA:136,0
DA:137,0
DA:138,0
DA:139,0
DA:140,1
DA:141,1
DA:142,1
DA:143,3
DA:144,3
DA:145,3
DA:146,3
DA:147,3
DA:148,3
DA:149,3
DA:150,3
DA:151,3
DA:152,3
DA:153,3
DA:154,1
DA:155,1
DA:156,1
DA:157,2
DA:158,2
DA:159,2
DA:160,2
DA:161,2
DA:162,2
DA:163,0
DA:164,0
DA:165,0
DA:166,2
DA:167,2
DA:168,0
DA:169,0
DA:170,0
DA:171,2
DA:172,2
DA:173,2
DA:174,2
DA:175,2
DA:176,2
DA:177,2
DA:178,2
DA:179,2
DA:180,2
DA:181,2
DA:182,2
DA:183,2
DA:184,2
DA:185,2
DA:186,2
DA:187,2
DA:188,2
DA:189,2
DA:190,2
DA:191,1
DA:192,2
DA:193,1
DA:194,1
DA:195,1
DA:196,1
DA:197,2
DA:198,2
DA:199,2
DA:200,2
DA:201,1
DA:202,7
DA:203,7
DA:204,7
DA:205,7
DA:206,0
DA:207,0
DA:208,0
DA:209,7
DA:210,7
DA:211,7
DA:212,7
DA:213,1
DA:214,7
DA:215,7
DA:216,7
DA:217,7
DA:218,7
DA:219,7
DA:220,7
DA:221,7
DA:222,7
DA:223,7
DA:224,7
DA:225,7
DA:226,7
DA:227,7
DA:228,7
DA:229,7
DA:230,0
DA:231,0
DA:232,0
DA:233,0
DA:234,7
DA:235,7
DA:236,7
DA:237,7
DA:238,7
DA:239,7
DA:240,7
DA:241,7
DA:242,7
DA:243,7
DA:244,7
DA:245,7
DA:246,7
DA:247,7
DA:248,7
DA:249,7
DA:250,7
DA:251,7
DA:252,7
DA:253,7
DA:254,7
DA:255,7
DA:256,7
DA:257,7
DA:258,7
DA:259,7
DA:260,7
DA:261,7
DA:262,7
DA:263,7
DA:264,7
DA:265,7
DA:266,7
DA:267,7
DA:268,7
DA:269,7
DA:270,7
DA:271,7
DA:272,7
DA:273,7
DA:274,7
DA:275,7
DA:276,7
DA:277,7
DA:278,7
DA:279,7
DA:280,7
DA:281,7
DA:282,7
DA:283,7
DA:284,7
DA:285,7
DA:286,7
DA:287,7
DA:288,7
DA:289,7
DA:290,7
DA:291,7
DA:292,7
DA:293,7
DA:294,7
DA:295,7
DA:296,1
DA:297,1
DA:298,1
DA:299,1
DA:300,0
DA:301,0
DA:302,0
DA:303,0
DA:304,0
DA:305,0
DA:306,0
DA:307,0
DA:308,0
DA:309,0
DA:310,0
DA:311,0
DA:312,0
DA:313,0
DA:314,0
DA:315,0
DA:316,0
DA:317,0
DA:318,0
DA:319,1
DA:320,7
DA:321,7
DA:322,7
DA:323,7
DA:324,7
DA:325,7
DA:326,7
DA:327,7
DA:328,7
DA:329,1
DA:330,1
DA:331,1
DA:332,1
DA:333,1
DA:334,1
DA:335,1
DA:336,7
DA:337,7
DA:338,7
DA:339,7
DA:340,7
DA:341,7
DA:342,7
DA:343,7
DA:344,0
DA:345,0
DA:346,0
DA:347,0
DA:348,7
DA:349,7
DA:350,7
DA:351,7
DA:352,7
DA:353,7
DA:354,0
DA:355,0
DA:356,0
DA:357,0
DA:358,0
DA:359,7
DA:360,7
DA:361,7
DA:362,7
DA:363,7
DA:364,0
DA:365,0
DA:366,0
DA:367,0
DA:368,0
DA:369,0
DA:370,0
DA:371,0
DA:372,7
DA:373,1
DA:374,1
DA:375,1
DA:376,0
DA:377,0
DA:378,0
DA:379,0
DA:380,0
DA:381,0
DA:382,0
DA:383,0
DA:384,0
DA:385,1
DA:386,2
DA:387,2
DA:388,2
DA:389,2
DA:390,2
DA:391,2
DA:392,2
DA:393,2
DA:394,2
DA:395,2
DA:396,2
DA:397,1
DA:398,1
DA:399,1
DA:400,1
DA:401,1
DA:402,1
DA:403,1
DA:404,1
DA:405,2
DA:406,1
DA:407,2
DA:408,2
DA:409,2
DA:410,2
DA:411,2
DA:412,2
DA:413,2
DA:414,2
DA:415,0
DA:416,0
DA:417,0
DA:418,2
DA:419,2
DA:420,2
DA:421,2
DA:422,2
DA:423,2
DA:424,2
DA:425,2
DA:426,2
DA:427,2
DA:428,2
DA:429,2
DA:430,2
DA:431,2
DA:432,2
DA:433,1
DA:434,1
DA:435,1
DA:436,1
DA:437,1
DA:438,1
DA:439,1
DA:440,1
DA:441,1
DA:442,1
DA:443,1
DA:444,2
DA:445,2
DA:446,2
DA:447,2
DA:448,1
DA:449,4
DA:450,4
DA:451,4
DA:452,4
DA:453,4
DA:454,4
DA:455,4
DA:456,3
DA:457,3
DA:458,3
DA:459,2
DA:460,2
DA:461,4
DA:462,1
DA:463,1
DA:464,4
DA:465,1
DA:466,2
DA:467,2
DA:468,2
DA:469,2
DA:470,2
DA:471,2
DA:472,2
DA:473,2
DA:474,2
DA:475,2
DA:476,2
DA:477,2
DA:478,2
DA:479,2
DA:480,0
DA:481,0
DA:482,2
DA:483,1
DA:484,6
DA:485,6
DA:486,6
DA:487,6
DA:488,0
DA:489,0
DA:490,0
DA:491,6
DA:492,6
DA:493,6
DA:494,6
DA:495,6
DA:496,6
DA:497,6
DA:498,6
DA:499,6
DA:500,6
DA:501,6
DA:502,1
DA:503,1
DA:504,1
DA:505,1
DA:506,1
DA:507,6
DA:508,6
DA:509,6
DA:510,18
DA:511,18
DA:512,6
DA:513,6
DA:514,6
DA:515,6
DA:516,6
DA:517,6
DA:518,6
DA:519,6
DA:520,0
DA:521,0
DA:522,0
DA:523,0
DA:524,0
DA:525,6
DA:526,0
DA:527,0
DA:528,0
DA:529,6
DA:530,48
DA:531,48
DA:532,48
DA:533,48
DA:534,48
DA:535,48
DA:536,48
DA:537,48
DA:538,48
DA:539,48
DA:540,48
DA:541,48
DA:542,48
DA:543,48
DA:544,48
DA:545,48
DA:546,48
DA:547,48
DA:548,48
DA:549,48
DA:550,48
DA:551,48
DA:552,48
DA:553,48
DA:554,48
DA:555,48
DA:556,48
DA:557,48
DA:558,48
DA:559,48
DA:560,48
DA:561,48
DA:562,48
DA:563,48
DA:564,48
DA:565,48
DA:566,48
DA:567,6
DA:568,6
DA:569,1
DA:570,1
DA:571,1
DA:572,2
DA:573,2
DA:574,2
DA:575,2
DA:576,2
DA:577,2
DA:578,0
DA:579,0
DA:580,0
DA:581,2
DA:582,2
DA:583,2
DA:584,2
DA:585,2
DA:586,2
DA:587,1
DA:588,2
DA:589,1
DA:590,1
DA:591,1
DA:592,1
DA:593,2
DA:594,2
DA:595,2
DA:596,2
DA:597,1
DA:598,4
DA:599,4
DA:600,4
DA:601,4
DA:602,4
DA:603,4
DA:604,4
DA:605,4
DA:606,3
DA:607,3
DA:608,3
DA:609,4
DA:610,4
DA:611,4
DA:612,1
DA:613,1
DA:614,4
DA:615,1
DA:616,4
DA:617,4
DA:618,4
DA:619,4
DA:620,0
DA:621,0
DA:622,0
DA:623,4
DA:624,4
DA:625,4
DA:626,4
DA:627,4
DA:628,4
DA:629,4
DA:630,4
DA:631,4
DA:632,4
DA:633,1
DA:634,1
DA:635,1
DA:636,1
DA:637,1
DA:638,1
DA:639,1
DA:640,1
DA:641,1
DA:642,1
DA:643,1
DA:644,4
DA:645,4
DA:646,4
DA:647,12
DA:648,12
DA:649,4
DA:650,4
DA:651,4
DA:652,4
DA:653,4
DA:654,4
DA:655,4
DA:656,4
DA:657,0
DA:658,0
DA:659,0
DA:660,4
DA:661,0
DA:662,0
DA:663,0
DA:664,0
DA:665,0
DA:666,4
DA:667,12
DA:668,12
DA:669,12
DA:670,12
DA:671,12
DA:672,12
DA:673,12
DA:674,12
DA:675,12
DA:676,12
DA:677,12
DA:678,12
DA:679,12
DA:680,12
DA:681,12
DA:682,12
DA:683,4
DA:684,4
DA:685,1
DA:686,1
DA:687,1
DA:688,0
DA:689,0
DA:690,0
DA:691,0
DA:692,0
DA:693,0
DA:694,0
DA:695,0
DA:696,0
DA:697,0
DA:698,0
DA:699,0
DA:700,0
DA:701,0
DA:702,0
DA:703,0
DA:704,0
DA:705,0
DA:706,0
DA:707,0
DA:708,0
DA:709,0
DA:710,0
DA:711,0
DA:712,0
DA:713,0
DA:714,0
DA:715,0
DA:716,0
DA:717,0
DA:718,0
DA:719,0
DA:720,0
DA:721,0
DA:722,0
DA:723,0
DA:724,0
DA:725,1
DA:726,1
DA:727,1
DA:728,1
DA:729,1
DA:730,1
DA:731,1
DA:732,1
DA:733,1
DA:734,1
DA:735,1
DA:736,1
DA:737,1
DA:738,1
DA:739,1
DA:740,1
DA:741,1
DA:742,1
DA:743,1
DA:744,1
DA:745,1
DA:746,1
DA:747,1
DA:748,1
DA:749,1
DA:750,1
DA:751,1
DA:752,1
DA:753,1
DA:754,0
DA:755,0
DA:756,1
DA:757,1
DA:758,0
DA:759,0
DA:760,1
DA:761,1
DA:762,1
DA:763,1
DA:764,1
DA:765,1
DA:766,1
DA:767,1
DA:768,1
DA:769,1
DA:770,1
DA:771,0
DA:772,0
DA:773,0
DA:774,1
DA:775,1
DA:776,1
DA:777,1
DA:778,1
DA:779,1
LF:779
LH:616
BRDA:1,0,0,1
BRDA:13,1,0,1429
BRDA:15,2,0,243
BRDA:16,3,0,1151
BRDA:17,4,0,35
BRDA:18,5,0,14
BRDA:19,6,0,7
BRDA:20,7,0,28
BRDA:20,8,0,21
BRDA:20,9,0,7
BRDA:21,10,0,1545
BRDA:27,11,0,10
BRDA:28,12,0,0
BRDA:29,13,0,1
BRDA:29,14,0,0
BRDA:30,15,0,1
BRDA:31,16,0,9
BRDA:32,17,0,9
BRDA:32,18,0,1
BRDA:34,19,0,6
BRDA:35,20,0,4
BRDA:35,21,0,3
BRDA:35,22,0,1
BRDA:39,23,0,146
BRDA:39,24,0,0
BRDA:43,25,0,3
BRDA:55,26,0,6
BRDA:59,27,0,0
BRDA:62,28,0,0
BRDA:65,29,0,0
BRDA:68,30,0,0
BRDA:69,31,0,0
BRDA:73,32,0,0
BRDA:78,33,0,17
BRDA:83,34,0,9
BRDA:83,35,0,8
BRDA:89,36,0,9
BRDA:89,37,0,8
BRDA:93,38,0,68
BRDA:94,39,0,0
BRDA:97,40,0,0
BRDA:99,41,0,2696
BRDA:103,42,0,2628
BRDA:109,43,0,17
BRDA:111,44,0,68
BRDA:111,45,0,45
BRDA:115,46,0,7
BRDA:115,47,0,61
BRDA:117,48,0,68
BRDA:117,49,0,39
BRDA:143,50,0,3
BRDA:145,51,0,0
BRDA:149,52,0,3
BRDA:151,53,0,0
BRDA:157,54,0,2
BRDA:162,55,0,0
BRDA:166,56,0,0
BRDA:167,57,0,0
BRDA:177,58,0,0
BRDA:186,59,0,0
BRDA:191,60,0,1
BRDA:192,61,0,0
BRDA:193,62,0,1
BRDA:190,63,0,2
BRDA:202,64,0,7
BRDA:205,65,0,0
BRDA:211,66,0,0
BRDA:214,67,0,7
BRDA:222,68,0,0
BRDA:224,69,0,0
BRDA:229,70,0,0
BRDA:215,71,0,7
BRDA:216,72,0,7
BRDA:217,73,0,7
BRDA:234,74,0,7
BRDA:237,75,0,0
BRDA:251,76,0,0
BRDA:258,77,0,0
BRDA:258,78,0,0
BRDA:267,79,0,0
BRDA:280,80,0,0
BRDA:282,81,0,0
BRDA:283,82,0,0
BRDA:247,83,0,21
BRDA:248,84,0,21
BRDA:273,85,0,35
BRDA:320,86,0,7
BRDA:325,87,0,0
BRDA:326,88,0,6
BRDA:324,89,0,7
BRDA:336,90,0,7
BRDA:344,91,0,0
BRDA:348,92,0,0
BRDA:353,93,0,0
BRDA:353,94,0,0
BRDA:359,95,0,0
BRDA:363,96,0,0
BRDA:363,97,0,0
BRDA:337,98,0,7
BRDA:386,99,0,2
BRDA:388,100,0,0
BRDA:397,101,0,1
BRDA:407,102,0,2
BRDA:413,103,0,0
BRDA:414,104,0,0
BRDA:433,105,0,1
BRDA:432,106,0,2
BRDA:449,107,0,4
BRDA:451,108,0,0
BRDA:453,109,0,0
BRDA:455,110,0,1
BRDA:456,111,0,3
BRDA:459,112,0,2
BRDA:461,113,0,1
BRDA:450,114,0,12
BRDA:458,115,0,3
BRDA:466,116,0,2
BRDA:468,117,0,0
BRDA:472,118,0,0
BRDA:474,119,0,0
BRDA:479,120,0,0
BRDA:467,121,0,8
BRDA:484,122,0,6
BRDA:487,123,0,0
BRDA:496,124,0,0
BRDA:497,125,0,0
BRDA:500,126,0,0
BRDA:495,127,0,48
BRDA:503,128,0,144
BRDA:504,129,0,144
BRDA:505,130,0,96
BRDA:507,131,0,6
BRDA:519,132,0,0
BRDA:525,133,0,0
BRDA:509,134,0,18
BRDA:515,135,0,48
BRDA:529,136,0,48
BRDA:534,137,0,0
BRDA:536,138,0,0
BRDA:537,139,0,6
BRDA:537,140,0,42
BRDA:537,141,0,12
BRDA:537,142,0,30
BRDA:538,143,0,0
BRDA:543,144,0,0
BRDA:544,145,0,42
BRDA:544,146,0,6
BRDA:544,147,0,42
BRDA:544,148,0,6
BRDA:546,149,0,36
BRDA:546,150,0,12
BRDA:555,151,0,12
BRDA:555,152,0,36
BRDA:556,153,0,12
BRDA:556,154,0,36
BRDA:556,155,0,12
BRDA:556,156,0,36
BRDA:559,157,0,6
BRDA:559,158,0,42
BRDA:572,159,0,2
BRDA:577,160,0,0
BRDA:587,161,0,1
BRDA:588,162,0,0
BRDA:589,163,0,1
BRDA:586,164,0,2
BRDA:598,165,0,4
BRDA:600,166,0,0
BRDA:602,167,0,0
BRDA:604,168,0,1
BRDA:605,169,0,3
BRDA:605,170,0,0
BRDA:606,171,0,3
BRDA:609,172,0,2
BRDA:609,173,0,0
BRDA:609,174,0,2
BRDA:611,175,0,2
BRDA:611,176,0,1
BRDA:599,177,0,12
BRDA:608,178,0,3
BRDA:616,179,0,4
BRDA:619,180,0,0
BRDA:631,181,0,0
BRDA:623,182,0,12
BRDA:625,183,0,12
BRDA:628,184,0,12
BRDA:635,185,0,24
BRDA:636,186,0,12
BRDA:637,187,0,12
BRDA:641,188,0,12
BRDA:641,189,0,144
BRDA:642,190,0,12
BRDA:642,191,0,24
BRDA:644,192,0,4
BRDA:656,193,0,0
BRDA:660,194,0,0
BRDA:646,195,0,12
BRDA:652,196,0,12
BRDA:652,197,0,0
BRDA:666,198,0,12
BRDA:668,199,0,0
BRDA:670,200,0,4
BRDA:670,201,0,8
BRDA:675,202,0,4
BRDA:675,203,0,8
BRDA:675,204,0,4
BRDA:675,205,0,8
BRDA:677,206,0,0
BRDA:678,207,0,4
BRDA:678,208,0,8
BRDA:680,209,0,4
BRDA:680,210,0,8
BRDA:728,211,0,1
BRDA:730,212,0,0
BRDA:770,213,0,0
BRDA:751,214,0,3
BRDA:765,215,0,3
BRF:216
BRH:142
end_of_record
TN:
SF:js/config.js
FNF:0
FNH:0
DA:1,4
DA:2,4
DA:3,4
DA:4,4
DA:5,4
DA:6,4
DA:7,4
DA:8,4
DA:9,4
DA:10,4
DA:11,4
DA:12,4
DA:13,4
DA:14,4
DA:15,4
LF:15
LH:15
BRDA:1,0,0,4
BRF:1
BRH:1
end_of_record
TN:
SF:js/datos.js
FN:25,con
FN:35,texto
FN:42,cajas
FN:54,agregarCaja
FN:78,cambiarColchon
FN:88,productos
FN:99,agregarProducto
FN:116,cambiarPrecio
FN:125,venderProducto
FN:137,comprimirImagen
FN:158,subirFoto
FN:171,urlFoto
FN:179,fiados
FN:192,agregarFiado
FN:201,abonar
FNF:15
FNH:14
FNDA:12,con
FNDA:8,texto
FNDA:7,cajas
FNDA:2,agregarCaja
FNDA:0,cambiarColchon
FNDA:6,productos
FNDA:2,agregarProducto
FNDA:3,cambiarPrecio
FNDA:3,venderProducto
FNDA:2,comprimirImagen
FNDA:2,subirFoto
FNDA:49,urlFoto
FNDA:4,fiados
FNDA:2,agregarFiado
FNDA:3,abonar
DA:1,2
DA:2,2
DA:3,2
DA:4,2
DA:5,2
DA:6,2
DA:7,2
DA:8,2
DA:9,2
DA:10,2
DA:11,2
DA:12,2
DA:13,2
DA:14,2
DA:15,2
DA:16,2
DA:17,2
DA:18,2
DA:19,2
DA:20,2
DA:21,2
DA:22,2
DA:23,2
DA:24,2
DA:25,2
DA:26,12
DA:27,12
DA:28,12
DA:29,7
DA:30,7
DA:31,2
DA:32,2
DA:33,2
DA:34,2
DA:35,2
DA:36,2
DA:37,2
DA:38,2
DA:39,2
DA:40,2
DA:41,2
DA:42,2
DA:43,7
DA:44,7
DA:45,7
DA:46,7
DA:47,7
DA:48,7
DA:49,7
DA:50,2
DA:51,2
DA:52,2
DA:53,2
DA:54,2
DA:55,2
DA:56,2
DA:57,2
DA:58,2
DA:59,2
DA:60,2
DA:61,2
DA:62,2
DA:63,2
DA:64,2
DA:65,2
DA:66,2
DA:67,2
DA:68,2
DA:69,2
DA:70,2
DA:71,2
DA:72,1
DA:73,2
DA:74,2
DA:75,2
DA:76,2
DA:77,2
DA:78,2
DA:79,0
DA:80,0
DA:81,0
DA:82,2
DA:83,2
DA:84,2
DA:85,2
DA:86,2
DA:87,2
DA:88,2
DA:89,6
DA:90,6
DA:91,6
DA:92,6
DA:93,6
DA:94,6
DA:95,6
DA:96,2
DA:97,2
DA:98,2
DA:99,2
DA:100,2
DA:101,2
DA:102,2
DA:103,2
DA:104,2
DA:105,2
DA:106,2
DA:107,2
DA:108,2
DA:109,2
DA:110,2
DA:111,2
DA:112,2
DA:113,2
DA:114,2
DA:115,2
DA:116,2
DA:117,3
DA:118,3
DA:119,3
DA:120,2
DA:121,2
DA:122,2
DA:123,2
DA:124,2
DA:125,2
DA:126,3
DA:127,3
DA:128,3
DA:129,3
DA:130,2
DA:131,2
DA:132,2
DA:133,2
DA:134,2
DA:135,2
DA:136,2
DA:137,2
DA:138,2
DA:139,2
DA:140,2
DA:141,2
DA:142,2
DA:143,2
DA:144,2
DA:145,2
DA:146,2
DA:147,2
DA:148,2
DA:149,2
DA:150,2
DA:151,2
DA:152,2
DA:153,2
DA:154,2
DA:155,2
DA:156,2
DA:157,2
DA:158,2
DA:159,2
DA:160,2
DA:161,2
DA:162,2
DA:163,2
DA:164,2
DA:165,2
DA:166,2
DA:167,2
DA:168,1
DA:169,2
DA:170,2
DA:171,2
DA:172,49
DA:173,1
DA:174,2
DA:175,2
DA:176,2
DA:177,2
DA:178,2
DA:179,2
DA:180,4
DA:181,4
DA:182,4
DA:183,4
DA:184,4
DA:185,4
DA:186,4
DA:187,2
DA:188,2
DA:189,2
DA:190,2
DA:191,2
DA:192,2
DA:193,2
DA:194,2
DA:195,2
DA:196,2
DA:197,2
DA:198,2
DA:199,2
DA:200,2
DA:201,2
DA:202,3
DA:203,3
DA:204,3
DA:205,3
DA:206,2
DA:207,2
DA:208,2
LF:208
LH:205
BRDA:1,0,0,2
BRDA:25,1,0,13
BRDA:27,2,0,8
BRDA:29,3,0,8
BRDA:35,4,0,9
BRDA:35,5,0,1
BRDA:42,6,0,8
BRDA:48,7,0,1
BRDA:54,8,0,3
BRDA:59,9,0,1
BRDA:71,10,0,2
BRDA:88,11,0,7
BRDA:94,12,0,1
BRDA:99,13,0,3
BRDA:110,14,0,1
BRDA:112,15,0,2
BRDA:116,16,0,4
BRDA:118,17,0,1
BRDA:119,18,0,2
BRDA:125,19,0,4
BRDA:129,20,0,2
BRDA:130,21,0,3
BRDA:137,22,0,3
BRDA:145,23,0,3
BRDA:147,24,0,3
BRDA:147,25,0,1
BRDA:158,26,0,3
BRDA:166,27,0,2
BRDA:167,28,0,2
BRDA:161,29,0,65
BRDA:171,30,0,50
BRDA:172,31,0,49
BRDA:173,32,0,2
BRDA:179,33,0,5
BRDA:185,34,0,1
BRDA:192,35,0,3
BRDA:194,36,0,1
BRDA:196,37,0,2
BRDA:201,38,0,4
BRDA:205,39,0,2
BRDA:206,40,0,3
BRF:41
BRH:41
end_of_record
TN:
SF:js/landing.js
FN:8,lempiras
FN:14,$
FN:22,mostrar
FN:29,paso
FN:39,pintar
FN:44,calcular
FN:105,IntersectionObserver.threshold
FN:121,abrir
FN:169,vuelta
FN:181,IntersectionObserver.threshold
FNF:10
FNH:8
FNDA:7,lempiras
FNDA:19,$
FNDA:5,mostrar
FNDA:0,paso
FNDA:3,pintar
FNDA:1,calcular
FNDA:1,IntersectionObserver.threshold
FNDA:1,abrir
FNDA:0,vuelta
FNDA:1,IntersectionObserver.threshold
DA:1,1
DA:2,1
DA:3,1
DA:4,1
DA:5,1
DA:6,1
DA:7,1
DA:8,1
DA:9,1
DA:10,1
DA:11,1
DA:12,1
DA:13,1
DA:14,1
DA:15,1
DA:16,1
DA:17,1
DA:18,1
DA:19,1
DA:20,1
DA:21,1
DA:22,1
DA:23,5
DA:24,5
DA:25,5
DA:26,5
DA:27,0
DA:28,0
DA:29,0
DA:30,0
DA:31,0
DA:32,0
DA:33,0
DA:34,0
DA:35,0
DA:36,5
DA:37,1
DA:38,1
DA:39,1
DA:40,3
DA:41,3
DA:42,3
DA:43,1
DA:44,1
DA:45,1
DA:46,1
DA:47,1
DA:48,1
DA:49,1
DA:50,1
DA:51,1
DA:52,1
DA:53,1
DA:54,1
DA:55,1
DA:56,1
DA:57,1
DA:58,1
DA:59,1
DA:60,1
DA:61,1
DA:62,1
DA:63,1
DA:64,1
DA:65,1
DA:66,1
DA:67,1
DA:68,1
DA:69,1
DA:70,1
DA:71,1
DA:72,1
DA:73,1
DA:74,1
DA:75,0
DA:76,0
DA:77,0
DA:78,1
DA:79,1
DA:80,1
DA:81,1
DA:82,0
DA:83,0
DA:84,0
DA:85,0
DA:86,0
DA:87,0
DA:88,1
DA:89,1
DA:90,1
DA:91,1
DA:92,1
DA:93,1
DA:94,1
DA:95,1
DA:96,1
DA:97,1
DA:98,1
DA:99,1
DA:100,1
DA:101,1
DA:102,1
DA:103,1
DA:104,1
DA:105,1
DA:106,1
DA:107,18
DA:108,3
DA:109,3
DA:110,1
DA:111,1
DA:112,1
DA:113,1
DA:114,1
DA:115,1
DA:116,1
DA:117,1
DA:118,1
DA:119,1
DA:120,1
DA:121,1
DA:122,1
DA:123,1
DA:124,1
DA:125,1
DA:126,1
DA:127,1
DA:128,1
DA:129,1
DA:130,1
DA:131,1
DA:132,1
DA:133,1
DA:134,1
DA:135,0
DA:136,1
DA:137,1
DA:138,1
DA:139,1
DA:140,1
DA:141,1
DA:142,1
DA:143,0
DA:144,0
DA:145,0
DA:146,0
DA:147,0
DA:148,0
DA:149,0
DA:150,0
DA:151,1
DA:152,1
DA:153,0
DA:154,0
DA:155,1
DA:156,1
DA:157,1
DA:158,1
DA:159,1
DA:160,1
DA:161,1
DA:162,1
DA:163,1
DA:164,1
DA:165,1
DA:166,1
DA:167,1
DA:168,1
DA:169,1
DA:170,0
DA:171,0
DA:172,0
DA:173,0
DA:174,0
DA:175,0
DA:176,1
DA:177,1
DA:178,1
DA:179,1
DA:180,1
DA:181,1
DA:182,1
DA:183,1
DA:184,1
DA:185,1
DA:186,1
DA:187,1
DA:188,1
DA:189,1
DA:190,1
DA:191,1
LF:191
LH:156
BRDA:1,0,0,1
BRDA:8,1,0,7
BRDA:13,2,0,1
BRDA:16,3,0,0
BRDA:14,4,0,19
BRDA:22,5,0,5
BRDA:23,6,0,0
BRDA:27,7,0,0
BRDA:39,8,0,3
BRDA:44,9,0,1
BRDA:48,10,0,0
BRDA:74,11,0,0
BRDA:81,12,0,0
BRDA:98,13,0,1
BRDA:100,14,0,0
BRDA:161,15,0,0
BRDA:105,16,0,1
BRDA:106,17,0,18
BRDA:107,18,0,15
BRDA:108,19,0,3
BRDA:113,20,0,18
BRDA:121,21,0,1
BRDA:124,22,0,1
BRDA:181,23,0,1
BRDA:183,24,0,0
BRF:25
BRH:16
end_of_record
TN:
SF:js/login.js
FN:12,avisar
FN:18,limpiarAviso
FNF:2
FNH:0
FNDA:0,avisar
FNDA:0,limpiarAviso
DA:1,2
DA:2,2
DA:3,2
DA:4,2
DA:5,2
DA:6,2
DA:7,2
DA:8,2
DA:9,2
DA:10,2
DA:11,2
DA:12,0
DA:13,0
DA:14,0
DA:15,0
DA:16,0
DA:17,2
DA:18,0
DA:19,0
DA:20,0
DA:21,2
DA:22,2
DA:23,2
DA:24,2
DA:25,2
DA:26,2
DA:27,0
DA:28,0
DA:29,0
DA:30,0
DA:31,2
DA:32,2
DA:33,2
DA:34,0
DA:35,0
DA:36,0
DA:37,2
DA:38,2
DA:39,0
DA:40,0
DA:41,0
DA:42,0
DA:43,0
DA:44,0
DA:45,0
DA:46,0
DA:47,0
DA:48,0
DA:49,0
DA:50,0
DA:51,0
DA:52,0
DA:53,0
DA:54,0
DA:55,0
DA:56,0
DA:57,2
DA:58,2
DA:59,2
DA:60,2
DA:61,2
DA:62,2
DA:63,2
DA:64,2
DA:65,2
DA:66,2
DA:67,2
DA:68,0
DA:69,0
DA:70,0
DA:71,0
DA:72,0
DA:73,0
DA:74,0
DA:75,2
DA:76,2
LF:76
LH:36
BRDA:1,0,0,2
BRDA:22,1,0,2
BRDA:26,2,0,0
BRDA:33,3,0,0
BRDA:61,4,0,0
BRF:5
BRH:2
end_of_record
TN:
SF:js/sesion.js
FN:13,actual
FN:19,entrarConCorreo
FN:24,entrarConGoogle
FN:31,cerrar
FN:37,nombreDe
FN:47,proveedores
FN:60,exigirSesion
FNF:7
FNH:4
FNDA:3,actual
FNDA:0,entrarConCorreo
FNDA:0,entrarConGoogle
FNDA:0,cerrar
FNDA:1,nombreDe
FNDA:2,proveedores
FNDA:1,exigirSesion
DA:1,4
DA:2,4
DA:3,4
DA:4,4
DA:5,4
DA:6,4
DA:7,4
DA:8,4
DA:9,4
DA:10,4
DA:11,4
DA:12,4
DA:13,4
DA:14,3
DA:15,3
DA:16,3
DA:17,4
DA:18,4
DA:19,4
DA:20,0
DA:21,4
DA:22,4
DA:23,4
DA:24,4
DA:25,0
DA:26,0
DA:27,0
DA:28,0
DA:29,4
DA:30,4
DA:31,4
DA:32,0
DA:33,4
DA:34,4
DA:35,4
DA:36,4
DA:37,4
DA:38,1
DA:39,1
DA:40,1
DA:41,1
DA:42,4
DA:43,4
DA:44,4
DA:45,4
DA:46,4
DA:47,4
DA:48,2
DA:49,2
DA:50,2
DA:51,2
DA:52,2
DA:53,2
DA:54,0
DA:55,0
DA:56,4
DA:57,4
DA:58,4
DA:59,4
DA:60,1
DA:61,1
DA:62,1
DA:63,1
DA:64,1
LF:64
LH:56
BRDA:1,0,0,4
BRDA:10,1,0,0
BRDA:13,2,0,4
BRDA:14,3,0,1
BRDA:37,4,0,4
BRDA:38,5,0,3
BRDA:39,6,0,3
BRDA:40,7,0,3
BRDA:40,8,0,3
BRDA:41,9,0,3
BRDA:41,10,0,3
BRDA:60,11,0,4
BRDA:62,12,0,3
BRDA:47,13,0,4
BRDA:52,14,0,2
BRDA:53,15,0,2
BRF:16
BRH:15
end_of_record
TN:
SF:sw.js
FNF:0
FNH:0
DA:1,0
DA:2,0
DA:3,0
DA:4,0
DA:5,0
DA:6,0
DA:7,0
DA:8,0
DA:9,0
DA:10,0
DA:11,0
DA:12,0
DA:13,0
DA:14,0
DA:15,0
DA:16,0
DA:17,0
DA:18,0
DA:19,0
DA:20,0
DA:21,0
DA:22,0
DA:23,0
DA:24,0
DA:25,0
DA:26,0
DA:27,0
DA:28,0
DA:29,0
DA:30,0
DA:31,0
DA:32,0
DA:33,0
DA:34,0
DA:35,0
DA:36,0
DA:37,0
DA:38,0
DA:39,0
DA:40,0
DA:41,0
DA:42,0
DA:43,0
DA:44,0
DA:45,0
DA:46,0
DA:47,0
DA:48,0
DA:49,0
DA:50,0
DA:51,0
DA:52,0
DA:53,0
DA:54,0
DA:55,0
DA:56,0
DA:57,0
DA:58,0
DA:59,0
DA:60,0
DA:61,0
LF:61
LH:0
BRDA:1,0,0,0
BRF:1
BRH:0
end_of_record
