TN:
SF:api/health.js
FN:13,leerConfig
FN:15,valor
FN:19,revisarSupabase
FN:36,health
FNF:4
FNH:4
FNDA:3,leerConfig
FNDA:6,valor
FNDA:3,revisarSupabase
FNDA:3,health
DA:1,1
DA:2,1
DA:3,1
DA:4,1
DA:5,1
DA:6,1
DA:7,1
DA:8,1
DA:9,1
DA:10,1
DA:11,1
DA:12,1
DA:13,3
DA:14,3
DA:15,3
DA:16,3
DA:17,3
DA:18,1
DA:19,3
DA:20,3
DA:21,3
DA:22,3
DA:23,3
DA:24,3
DA:25,3
DA:26,3
DA:27,3
DA:28,1
DA:29,1
DA:30,1
DA:31,1
DA:32,1
DA:33,1
DA:34,3
DA:35,1
DA:36,1
DA:37,3
DA:38,3
DA:39,3
DA:40,3
DA:41,3
DA:42,3
DA:43,3
DA:44,3
DA:45,3
DA:46,3
DA:47,3
DA:48,3
DA:49,1
LF:49
LH:49
BRDA:1,0,0,1
BRDA:13,1,0,3
BRDA:15,2,0,6
BRDA:15,3,0,0
BRDA:19,4,0,3
BRDA:26,5,0,2
BRDA:26,6,0,1
BRDA:26,7,0,1
BRDA:27,8,0,1
BRDA:30,9,0,0
BRDA:36,10,0,3
BRDA:39,11,0,1
BRDA:39,12,0,2
BRDA:43,13,0,1
BRDA:43,14,0,2
BRF:15
BRH:13
end_of_record
TN:
SF:js/admin.js
FN:11,escHtml
FN:13,lempiras
FN:14,fecha
FN:16,avisar
FN:24,mensaje
FN:35,pregunta
FN:36,hecho
FN:39,pregunta
FN:40,hecho
FN:43,pregunta
FN:44,hecho
FN:47,pregunta
FN:48,hecho
FN:52,botonRol
FN:61,botonEstado
FN:69,tarjeta
FN:90,render
FN:101,cargar
FN:111,actuar
FNF:19
FNH:14
FNDA:9,escHtml
FNDA:9,lempiras
FNDA:18,fecha
FNDA:2,avisar
FNDA:0,mensaje
FNDA:1,pregunta
FNDA:1,hecho
FNDA:0,pregunta
FNDA:0,hecho
FNDA:0,pregunta
FNDA:0,hecho
FNDA:1,pregunta
FNDA:1,hecho
FNDA:9,botonRol
FNDA:9,botonEstado
FNDA:9,tarjeta
FNDA:3,render
FNDA:3,cargar
FNDA:2,actuar
DA:1,2
DA:2,2
DA:3,2
DA:4,2
DA:5,2
DA:6,2
DA:7,2
DA:8,2
DA:9,2
DA:10,2
DA:11,2
DA:12,2
DA:13,2
DA:14,2
DA:15,2
DA:16,2
DA:17,2
DA:18,2
DA:19,2
DA:20,2
DA:21,2
DA:22,2
DA:23,2
DA:24,0
DA:25,0
DA:26,0
DA:27,0
DA:28,0
DA:29,0
DA:30,0
DA:31,2
DA:32,2
DA:33,2
DA:34,2
DA:35,2
DA:36,2
DA:37,2
DA:38,2
DA:39,2
DA:40,2
DA:41,2
DA:42,2
DA:43,2
DA:44,2
DA:45,2
DA:46,2
DA:47,2
DA:48,2
DA:49,2
DA:50,2
DA:51,2
DA:52,9
DA:53,9
DA:54,3
DA:55,3
DA:56,3
DA:57,9
DA:58,9
DA:59,9
DA:60,2
DA:61,9
DA:62,9
DA:63,3
DA:64,3
DA:65,9
DA:66,9
DA:67,9
DA:68,2
DA:69,9
DA:70,9
DA:71,9
DA:72,9
DA:73,9
DA:74,9
DA:75,9
DA:76,9
DA:77,9
DA:78,9
DA:79,9
DA:80,9
DA:81,9
DA:82,9
DA:83,9
DA:84,9
DA:85,9
DA:86,9
DA:87,9
DA:88,9
DA:89,2
DA:90,3
DA:91,3
DA:92,3
DA:93,3
DA:94,3
DA:95,3
DA:96,3
DA:97,3
DA:98,3
DA:99,3
DA:100,2
DA:101,3
DA:102,3
DA:103,3
DA:104,3
DA:105,3
DA:106,0
DA:107,0
DA:108,3
DA:109,2
DA:110,2
DA:111,2
DA:112,2
DA:113,2
DA:114,2
DA:115,2
DA:116,2
DA:117,2
DA:118,2
DA:119,1
DA:120,2
DA:121,2
DA:122,2
DA:123,0
DA:124,0
DA:125,0
DA:126,2
DA:127,2
DA:128,2
DA:129,2
DA:130,2
DA:131,2
DA:132,2
DA:133,2
DA:134,0
DA:135,0
DA:136,2
DA:137,2
DA:138,2
DA:139,1
DA:140,1
DA:141,1
DA:142,1
DA:143,1
DA:144,2
DA:145,2
DA:146,1
DA:147,1
DA:148,2
LF:148
LH:134
BRDA:1,0,0,2
BRDA:11,1,0,10
BRDA:11,2,0,1
BRDA:13,3,0,10
BRDA:14,4,0,19
BRDA:14,5,0,16
BRDA:14,6,0,4
BRDA:16,7,0,3
BRDA:35,8,0,2
BRDA:36,9,0,2
BRDA:47,10,0,2
BRDA:48,11,0,2
BRDA:52,12,0,10
BRDA:53,13,0,4
BRDA:54,14,0,1
BRDA:57,15,0,7
BRDA:57,16,0,4
BRDA:57,17,0,4
BRDA:61,18,0,10
BRDA:62,19,0,4
BRDA:65,20,0,7
BRDA:65,21,0,4
BRDA:65,22,0,4
BRDA:65,23,0,4
BRDA:69,24,0,10
BRDA:72,25,0,4
BRDA:72,26,0,7
BRDA:73,27,0,7
BRDA:73,28,0,4
BRDA:74,29,0,4
BRDA:74,30,0,7
BRDA:76,31,0,7
BRDA:76,32,0,4
BRDA:77,33,0,7
BRDA:77,34,0,4
BRDA:90,35,0,4
BRDA:93,36,0,10
BRDA:94,37,0,10
BRDA:97,38,0,10
BRDA:98,39,0,10
BRDA:101,40,0,4
BRDA:105,41,0,1
BRDA:111,42,0,3
BRDA:114,43,0,1
BRDA:118,44,0,2
BRDA:122,45,0,1
BRDA:112,46,0,6
BRDA:128,47,0,2
BRDA:130,48,0,0
BRDA:138,49,0,1
BRDA:143,50,0,2
BRDA:142,51,0,1
BRF:52
BRH:51
end_of_record
TN:
SF:js/app.js
FN:7,salir
FN:13,miles
FN:15,fmt
FN:16,fmt0
FN:17,usd
FN:18,pct
FN:19,pct1
FN:20,monto
FN:21,entero
FN:27,leerNumero
FN:34,leerMonto
FN:35,leerEntero
FN:40,esPositivo
FN:41,esNoNegativo
FN:45,esc
FN:49,esEscritorio
FN:61,mensajeDe
FN:84,avisar
FN:99,contar
FN:105,paso
FN:115,pintarKpis
FN:126,vacio
FN:136,showTab
FN:149,alternarPanel
FN:163,addCaja
FN:208,cargarCajas
FN:220,renderCajas
FN:306,cambiarColchon
FN:326,llenarSelectCajas
FN:342,calcularSugerido
FN:382,ajustarOrigen
FN:392,elegirFoto
FN:413,addProducto
FN:455,venderProducto
FN:472,cambiarPrecio
FN:490,cargarProductos
FN:509,esBajo
FN:510,conPerdida
FN:511,todos
FN:515,estadoProducto
FN:522,etiquetaMargen
FN:529,renderProductos
FN:592,addFiado
FN:618,abonar
FN:636,cargarFiados
FN:655,todos
FN:656,pendientes
FN:657,pagados
FN:661,tonoDe
FN:662,inicialesDe
FN:664,renderFiados
FN:708,renderResumen
FNF:52
FNH:46
FNDA:0,salir
FNDA:1913,miles
FNDA:323,fmt
FNDA:1545,fmt0
FNDA:45,usd
FNDA:18,pct
FNDA:9,pct1
FNDA:36,monto
FNDA:2087,entero
FNDA:10,leerNumero
FNDA:6,leerMonto
FNDA:4,leerEntero
FNDA:21,esPositivo
FNDA:4,esNoNegativo
FNDA:200,esc
FNDA:5,esEscritorio
FNDA:6,mensajeDe
FNDA:17,avisar
FNDA:92,contar
FNDA:3632,paso
FNDA:23,pintarKpis
FNDA:0,vacio
FNDA:0,showTab
FNDA:9,alternarPanel
FNDA:2,addCaja
FNDA:9,cargarCajas
FNDA:9,renderCajas
FNDA:0,cambiarColchon
FNDA:9,llenarSelectCajas
FNDA:9,calcularSugerido
FNDA:0,ajustarOrigen
FNDA:2,elegirFoto
FNDA:2,addProducto
FNDA:4,venderProducto
FNDA:2,cambiarPrecio
FNDA:8,cargarProductos
FNDA:248,esBajo
FNDA:256,conPerdida
FNDA:128,todos
FNDA:64,estadoProducto
FNDA:64,etiquetaMargen
FNDA:8,renderProductos
FNDA:2,addFiado
FNDA:4,abonar
FNDA:6,cargarFiados
FNDA:36,todos
FNDA:18,pendientes
FNDA:18,pagados
FNDA:18,tonoDe
FNDA:18,inicialesDe
FNDA:6,renderFiados
FNDA:0,renderResumen
DA:1,4
DA:2,4
DA:3,4
DA:4,4
DA:5,4
DA:6,4
DA:7,0
DA:8,0
DA:9,0
DA:10,0
DA:11,4
DA:12,4
DA:13,4
DA:14,4
DA:15,4
DA:16,4
DA:17,4
DA:18,4
DA:19,4
DA:20,4
DA:21,4
DA:22,4
DA:23,4
DA:24,4
DA:25,4
DA:26,4
DA:27,10
DA:28,10
DA:29,10
DA:30,10
DA:31,9
DA:32,10
DA:33,10
DA:34,4
DA:35,4
DA:36,4
DA:37,4
DA:38,4
DA:39,4
DA:40,4
DA:41,4
DA:42,4
DA:43,4
DA:44,4
DA:45,4
DA:46,4
DA:47,4
DA:48,4
DA:49,4
DA:50,4
DA:51,4
DA:52,4
DA:53,4
DA:54,4
DA:55,4
DA:56,4
DA:57,4
DA:58,4
DA:59,4
DA:60,4
DA:61,6
DA:62,6
DA:63,6
DA:64,6
DA:65,6
DA:66,0
DA:67,0
DA:68,6
DA:69,0
DA:70,0
DA:71,6
DA:72,0
DA:73,0
DA:74,6
DA:75,6
DA:76,0
DA:77,0
DA:78,6
DA:79,0
DA:80,6
DA:81,4
DA:82,4
DA:83,4
DA:84,17
DA:85,17
DA:86,17
DA:87,17
DA:88,17
DA:89,17
DA:90,17
DA:91,17
DA:92,17
DA:93,17
DA:94,17
DA:95,17
DA:96,17
DA:97,4
DA:98,4
DA:99,92
DA:100,92
DA:101,92
DA:102,92
DA:103,92
DA:104,92
DA:105,92
DA:106,3632
DA:107,3632
DA:108,3632
DA:109,3632
DA:110,92
DA:111,92
DA:112,92
DA:113,4
DA:114,4
DA:115,23
DA:116,23
DA:117,23
DA:118,92
DA:119,92
DA:120,92
DA:121,92
DA:122,23
DA:123,23
DA:124,23
DA:125,4
DA:126,0
DA:127,0
DA:128,0
DA:129,0
DA:130,0
DA:131,0
DA:132,0
DA:133,0
DA:134,4
DA:135,4
DA:136,0
DA:137,0
DA:138,0
DA:139,0
DA:140,0
DA:141,0
DA:142,0
DA:143,0
DA:144,0
DA:145,0
DA:146,4
DA:147,4
DA:148,4
DA:149,9
DA:150,9
DA:151,9
DA:152,9
DA:153,9
DA:154,9
DA:155,9
DA:156,9
DA:157,9
DA:158,9
DA:159,9
DA:160,4
DA:161,4
DA:162,4
DA:163,2
DA:164,2
DA:165,2
DA:166,2
DA:167,2
DA:168,2
DA:169,0
DA:170,0
DA:171,0
DA:172,2
DA:173,2
DA:174,0
DA:175,0
DA:176,0
DA:177,2
DA:178,2
DA:179,2
DA:180,2
DA:181,2
DA:182,2
DA:183,2
DA:184,2
DA:185,2
DA:186,2
DA:187,2
DA:188,2
DA:189,2
DA:190,2
DA:191,2
DA:192,2
DA:193,2
DA:194,2
DA:195,2
DA:196,2
DA:197,1
DA:198,2
DA:199,1
DA:200,1
DA:201,1
DA:202,1
DA:203,2
DA:204,2
DA:205,2
DA:206,2
DA:207,4
DA:208,9
DA:209,9
DA:210,9
DA:211,9
DA:212,0
DA:213,0
DA:214,0
DA:215,9
DA:216,9
DA:217,9
DA:218,9
DA:219,4
DA:220,9
DA:221,9
DA:222,9
DA:223,9
DA:224,9
DA:225,9
DA:226,9
DA:227,9
DA:228,9
DA:229,9
DA:230,9
DA:231,9
DA:232,9
DA:233,9
DA:234,9
DA:235,9
DA:236,0
DA:237,0
DA:238,0
DA:239,0
DA:240,9
DA:241,9
DA:242,9
DA:243,9
DA:244,9
DA:245,9
DA:246,9
DA:247,9
DA:248,9
DA:249,9
DA:250,9
DA:251,9
DA:252,9
DA:253,9
DA:254,9
DA:255,9
DA:256,9
DA:257,9
DA:258,9
DA:259,9
DA:260,9
DA:261,9
DA:262,9
DA:263,9
DA:264,9
DA:265,9
DA:266,9
DA:267,9
DA:268,9
DA:269,9
DA:270,9
DA:271,9
DA:272,9
DA:273,9
DA:274,9
DA:275,9
DA:276,9
DA:277,9
DA:278,9
DA:279,9
DA:280,9
DA:281,9
DA:282,9
DA:283,9
DA:284,9
DA:285,9
DA:286,9
DA:287,9
DA:288,9
DA:289,9
DA:290,9
DA:291,9
DA:292,9
DA:293,9
DA:294,9
DA:295,9
DA:296,9
DA:297,9
DA:298,9
DA:299,9
DA:300,9
DA:301,9
DA:302,4
DA:303,4
DA:304,4
DA:305,4
DA:306,0
DA:307,0
DA:308,0
DA:309,0
DA:310,0
DA:311,0
DA:312,0
DA:313,0
DA:314,0
DA:315,0
DA:316,0
DA:317,0
DA:318,0
DA:319,0
DA:320,0
DA:321,0
DA:322,0
DA:323,0
DA:324,0
DA:325,4
DA:326,9
DA:327,9
DA:328,9
DA:329,9
DA:330,9
DA:331,9
DA:332,9
DA:333,9
DA:334,9
DA:335,4
DA:336,4
DA:337,4
DA:338,4
DA:339,4
DA:340,4
DA:341,4
DA:342,9
DA:343,9
DA:344,9
DA:345,9
DA:346,9
DA:347,9
DA:348,9
DA:349,9
DA:350,0
DA:351,0
DA:352,0
DA:353,0
DA:354,9
DA:355,9
DA:356,9
DA:357,9
DA:358,9
DA:359,9
DA:360,0
DA:361,0
DA:362,0
DA:363,0
DA:364,0
DA:365,9
DA:366,9
DA:367,9
DA:368,9
DA:369,9
DA:370,0
DA:371,0
DA:372,0
DA:373,0
DA:374,0
DA:375,0
DA:376,0
DA:377,0
DA:378,9
DA:379,4
DA:380,4
DA:381,4
DA:382,0
DA:383,0
DA:384,0
DA:385,0
DA:386,0
DA:387,0
DA:388,0
DA:389,0
DA:390,0
DA:391,4
DA:392,2
DA:393,2
DA:394,2
DA:395,2
DA:396,2
DA:397,2
DA:398,2
DA:399,2
DA:400,2
DA:401,2
DA:402,2
DA:403,1
DA:404,1
DA:405,1
DA:406,1
DA:407,1
DA:408,1
DA:409,1
DA:410,1
DA:411,2
DA:412,4
DA:413,2
DA:414,2
DA:415,2
DA:416,2
DA:417,2
DA:418,2
DA:419,2
DA:420,2
DA:421,0
DA:422,0
DA:423,0
DA:424,2
DA:425,2
DA:426,2
DA:427,2
DA:428,2
DA:429,2
DA:430,2
DA:431,2
DA:432,2
DA:433,2
DA:434,2
DA:435,2
DA:436,2
DA:437,2
DA:438,2
DA:439,1
DA:440,1
DA:441,1
DA:442,1
DA:443,1
DA:444,1
DA:445,1
DA:446,1
DA:447,1
DA:448,1
DA:449,1
DA:450,2
DA:451,2
DA:452,2
DA:453,2
DA:454,4
DA:455,4
DA:456,4
DA:457,4
DA:458,4
DA:459,4
DA:460,4
DA:461,4
DA:462,3
DA:463,3
DA:464,3
DA:465,2
DA:466,2
DA:467,4
DA:468,1
DA:469,1
DA:470,4
DA:471,4
DA:472,2
DA:473,2
DA:474,2
DA:475,2
DA:476,2
DA:477,2
DA:478,2
DA:479,2
DA:480,2
DA:481,2
DA:482,2
DA:483,2
DA:484,2
DA:485,2
DA:486,0
DA:487,0
DA:488,2
DA:489,4
DA:490,8
DA:491,8
DA:492,8
DA:493,8
DA:494,0
DA:495,0
DA:496,0
DA:497,8
DA:498,8
DA:499,8
DA:500,8
DA:501,8
DA:502,8
DA:503,8
DA:504,8
DA:505,8
DA:506,8
DA:507,8
DA:508,4
DA:509,4
DA:510,4
DA:511,4
DA:512,4
DA:513,4
DA:514,4
DA:515,64
DA:516,64
DA:517,64
DA:518,40
DA:519,64
DA:520,4
DA:521,4
DA:522,64
DA:523,64
DA:524,64
DA:525,64
DA:526,64
DA:527,64
DA:528,4
DA:529,8
DA:530,8
DA:531,8
DA:532,24
DA:533,24
DA:534,8
DA:535,8
DA:536,8
DA:537,8
DA:538,8
DA:539,8
DA:540,8
DA:541,8
DA:542,0
DA:543,0
DA:544,0
DA:545,0
DA:546,0
DA:547,8
DA:548,0
DA:549,0
DA:550,0
DA:551,8
DA:552,64
DA:553,64
DA:554,64
DA:555,64
DA:556,64
DA:557,64
DA:558,64
DA:559,64
DA:560,64
DA:561,64
DA:562,64
DA:563,64
DA:564,64
DA:565,64
DA:566,64
DA:567,64
DA:568,64
DA:569,64
DA:570,64
DA:571,64
DA:572,64
DA:573,64
DA:574,64
DA:575,64
DA:576,64
DA:577,64
DA:578,64
DA:579,64
DA:580,64
DA:581,64
DA:582,64
DA:583,64
DA:584,64
DA:585,64
DA:586,64
DA:587,8
DA:588,8
DA:589,4
DA:590,4
DA:591,4
DA:592,2
DA:593,2
DA:594,2
DA:595,2
DA:596,2
DA:597,2
DA:598,0
DA:599,0
DA:600,0
DA:601,2
DA:602,2
DA:603,2
DA:604,2
DA:605,2
DA:606,2
DA:607,1
DA:608,2
DA:609,1
DA:610,1
DA:611,1
DA:612,1
DA:613,2
DA:614,2
DA:615,2
DA:616,2
DA:617,4
DA:618,4
DA:619,4
DA:620,4
DA:621,4
DA:622,4
DA:623,4
DA:624,4
DA:625,4
DA:626,3
DA:627,3
DA:628,3
DA:629,4
DA:630,4
DA:631,4
DA:632,1
DA:633,1
DA:634,4
DA:635,4
DA:636,6
DA:637,6
DA:638,6
DA:639,6
DA:640,0
DA:641,0
DA:642,0
DA:643,6
DA:644,6
DA:645,6
DA:646,6
DA:647,6
DA:648,6
DA:649,6
DA:650,6
DA:651,6
DA:652,6
DA:653,4
DA:654,4
DA:655,4
DA:656,4
DA:657,4
DA:658,4
DA:659,4
DA:660,4
DA:661,4
DA:662,4
DA:663,4
DA:664,6
DA:665,6
DA:666,6
DA:667,18
DA:668,18
DA:669,6
DA:670,6
DA:671,6
DA:672,6
DA:673,6
DA:674,6
DA:675,6
DA:676,6
DA:677,0
DA:678,0
DA:679,0
DA:680,6
DA:681,0
DA:682,0
DA:683,0
DA:684,0
DA:685,0
DA:686,6
DA:687,18
DA:688,18
DA:689,18
DA:690,18
DA:691,18
DA:692,18
DA:693,18
DA:694,18
DA:695,18
DA:696,18
DA:697,18
DA:698,18
DA:699,18
DA:700,18
DA:701,18
DA:702,18
DA:703,6
DA:704,6
DA:705,4
DA:706,4
DA:707,4
DA:708,0
DA:709,0
DA:710,0
DA:711,0
DA:712,0
DA:713,0
DA:714,0
DA:715,0
DA:716,0
DA:717,0
DA:718,0
DA:719,0
DA:720,0
DA:721,0
DA:722,0
DA:723,0
DA:724,0
DA:725,0
DA:726,0
DA:727,0
DA:728,0
DA:729,0
DA:730,0
DA:731,0
DA:732,0
DA:733,0
DA:734,0
DA:735,0
DA:736,0
DA:737,0
DA:738,0
DA:739,0
DA:740,0
DA:741,0
DA:742,0
DA:743,0
DA:744,0
DA:745,0
DA:746,4
DA:747,4
DA:748,4
DA:749,4
DA:750,4
DA:751,4
DA:752,4
DA:753,4
DA:754,4
DA:755,4
DA:756,4
DA:757,4
DA:758,1
DA:759,1
DA:760,1
DA:761,3
DA:762,3
DA:763,3
DA:764,3
DA:765,3
DA:766,3
DA:767,3
DA:768,3
DA:769,3
DA:770,3
DA:771,3
DA:772,3
DA:773,3
DA:774,3
DA:775,3
DA:776,3
DA:777,3
DA:778,3
DA:779,3
DA:780,3
DA:781,3
DA:782,3
DA:783,3
DA:784,3
DA:785,0
DA:786,0
DA:787,3
DA:788,3
DA:789,0
DA:790,0
DA:791,3
DA:792,3
DA:793,3
DA:794,3
DA:795,3
DA:796,3
DA:797,3
DA:798,3
DA:799,3
DA:800,3
DA:801,3
DA:802,0
DA:803,0
DA:804,0
DA:805,4
DA:806,4
DA:807,4
DA:808,4
DA:809,4
DA:810,4
LF:810
LH:646
BRDA:1,0,0,4
BRDA:13,1,0,1914
BRDA:15,2,0,324
BRDA:16,3,0,1546
BRDA:17,4,0,46
BRDA:18,5,0,19
BRDA:19,6,0,10
BRDA:20,7,0,37
BRDA:20,8,0,28
BRDA:20,9,0,10
BRDA:21,10,0,2088
BRDA:27,11,0,13
BRDA:28,12,0,3
BRDA:29,13,0,4
BRDA:29,14,0,3
BRDA:30,15,0,4
BRDA:31,16,0,12
BRDA:32,17,0,12
BRDA:32,18,0,4
BRDA:34,19,0,9
BRDA:35,20,0,7
BRDA:35,21,0,6
BRDA:35,22,0,4
BRDA:40,23,0,22
BRDA:40,24,0,11
BRDA:41,25,0,7
BRDA:45,26,0,201
BRDA:45,27,0,1
BRDA:49,28,0,6
BRDA:61,29,0,9
BRDA:65,30,0,3
BRDA:68,31,0,3
BRDA:71,32,0,3
BRDA:74,33,0,3
BRDA:75,34,0,3
BRDA:79,35,0,3
BRDA:84,36,0,20
BRDA:89,37,0,12
BRDA:89,38,0,11
BRDA:95,39,0,12
BRDA:95,40,0,11
BRDA:95,41,0,4
BRDA:99,42,0,93
BRDA:100,43,0,1
BRDA:103,44,0,1
BRDA:105,45,0,3633
BRDA:109,46,0,3541
BRDA:115,47,0,24
BRDA:117,48,0,93
BRDA:117,49,0,62
BRDA:121,50,0,10
BRDA:121,51,0,84
BRDA:123,52,0,93
BRDA:123,53,0,54
BRDA:149,54,0,10
BRDA:151,55,0,1
BRDA:155,56,0,10
BRDA:157,57,0,1
BRDA:163,58,0,5
BRDA:168,59,0,3
BRDA:172,60,0,3
BRDA:173,61,0,3
BRDA:183,62,0,3
BRDA:192,63,0,3
BRDA:197,64,0,4
BRDA:198,65,0,3
BRDA:199,66,0,4
BRDA:196,67,0,5
BRDA:208,68,0,10
BRDA:211,69,0,1
BRDA:217,70,0,1
BRDA:220,71,0,10
BRDA:228,72,0,1
BRDA:230,73,0,1
BRDA:235,74,0,1
BRDA:221,75,0,10
BRDA:222,76,0,10
BRDA:223,77,0,10
BRDA:240,78,0,10
BRDA:243,79,0,1
BRDA:257,80,0,1
BRDA:264,81,0,1
BRDA:264,82,0,1
BRDA:273,83,0,1
BRDA:286,84,0,1
BRDA:288,85,0,1
BRDA:289,86,0,1
BRDA:253,87,0,28
BRDA:254,88,0,28
BRDA:279,89,0,46
BRDA:326,90,0,10
BRDA:331,91,0,1
BRDA:332,92,0,7
BRDA:330,93,0,10
BRDA:342,94,0,10
BRDA:350,95,0,1
BRDA:354,96,0,1
BRDA:359,97,0,1
BRDA:359,98,0,1
BRDA:365,99,0,1
BRDA:369,100,0,1
BRDA:369,101,0,1
BRDA:343,102,0,10
BRDA:392,103,0,5
BRDA:394,104,0,3
BRDA:403,105,0,4
BRDA:413,106,0,5
BRDA:419,107,0,3
BRDA:420,108,0,3
BRDA:439,109,0,4
BRDA:438,110,0,5
BRDA:455,111,0,7
BRDA:457,112,0,3
BRDA:459,113,0,3
BRDA:461,114,0,4
BRDA:462,115,0,6
BRDA:465,116,0,5
BRDA:467,117,0,4
BRDA:456,118,0,15
BRDA:464,119,0,6
BRDA:472,120,0,5
BRDA:474,121,0,3
BRDA:478,122,0,3
BRDA:480,123,0,3
BRDA:485,124,0,3
BRDA:473,125,0,11
BRDA:490,126,0,9
BRDA:493,127,0,1
BRDA:502,128,0,1
BRDA:503,129,0,1
BRDA:506,130,0,1
BRDA:501,131,0,65
BRDA:509,132,0,249
BRDA:510,133,0,257
BRDA:511,134,0,129
BRDA:515,135,0,65
BRDA:516,136,0,9
BRDA:517,137,0,57
BRDA:517,138,0,17
BRDA:518,139,0,41
BRDA:522,140,0,65
BRDA:523,141,0,1
BRDA:524,142,0,57
BRDA:524,143,0,9
BRDA:525,144,0,57
BRDA:525,145,0,9
BRDA:529,146,0,9
BRDA:541,147,0,1
BRDA:547,148,0,1
BRDA:531,149,0,25
BRDA:533,150,0,193
BRDA:536,151,0,65
BRDA:537,152,0,65
BRDA:551,153,0,65
BRDA:556,154,0,1
BRDA:558,155,0,1
BRDA:560,156,0,1
BRDA:566,157,0,49
BRDA:566,158,0,17
BRDA:575,159,0,17
BRDA:575,160,0,49
BRDA:576,161,0,17
BRDA:576,162,0,49
BRDA:576,163,0,17
BRDA:576,164,0,49
BRDA:579,165,0,9
BRDA:579,166,0,57
BRDA:592,167,0,5
BRDA:597,168,0,3
BRDA:607,169,0,4
BRDA:608,170,0,3
BRDA:609,171,0,4
BRDA:606,172,0,5
BRDA:618,173,0,7
BRDA:620,174,0,3
BRDA:622,175,0,3
BRDA:624,176,0,4
BRDA:625,177,0,6
BRDA:625,178,0,3
BRDA:626,179,0,6
BRDA:629,180,0,5
BRDA:629,181,0,3
BRDA:629,182,0,5
BRDA:631,183,0,5
BRDA:631,184,0,4
BRDA:619,185,0,11
BRDA:628,186,0,6
BRDA:636,187,0,7
BRDA:639,188,0,1
BRDA:651,189,0,1
BRDA:643,190,0,19
BRDA:645,191,0,19
BRDA:648,192,0,19
BRDA:655,193,0,37
BRDA:656,194,0,19
BRDA:657,195,0,19
BRDA:661,196,0,19
BRDA:661,197,0,217
BRDA:662,198,0,19
BRDA:662,199,0,37
BRDA:664,200,0,7
BRDA:676,201,0,1
BRDA:680,202,0,1
BRDA:666,203,0,19
BRDA:668,204,0,55
BRDA:671,205,0,19
BRDA:672,206,0,19
BRDA:672,207,0,1
BRDA:686,208,0,19
BRDA:688,209,0,1
BRDA:690,210,0,7
BRDA:690,211,0,13
BRDA:695,212,0,7
BRDA:695,213,0,13
BRDA:695,214,0,7
BRDA:695,215,0,13
BRDA:697,216,0,1
BRDA:698,217,0,7
BRDA:698,218,0,13
BRDA:700,219,0,7
BRDA:700,220,0,13
BRDA:749,221,0,4
BRDA:751,222,0,0
BRDA:757,223,0,1
BRDA:801,224,0,0
BRDA:782,225,0,9
BRDA:796,226,0,9
BRDA:763,227,0,2
BRDA:761,228,0,3
BRF:229
BRH:227
end_of_record
TN:
SF:js/config.js
FNF:0
FNH:0
DA:1,10
DA:2,10
DA:3,10
DA:4,10
DA:5,10
DA:6,10
DA:7,10
DA:8,10
DA:9,10
DA:10,10
DA:11,10
DA:12,10
DA:13,10
DA:14,10
DA:15,10
LF:15
LH:15
BRDA:1,0,0,10
BRF:1
BRH:1
end_of_record
TN:
SF:js/datos.js
FN:25,con
FN:35,texto
FN:42,cajas
FN:54,agregarCaja
FN:78,cambiarColchon
FN:88,productos
FN:99,agregarProducto
FN:116,cambiarPrecio
FN:125,venderProducto
FN:137,comprimirImagen
FN:158,subirFoto
FN:171,urlFoto
FN:179,fiados
FN:192,agregarFiado
FN:201,abonar
FN:215,esAdmin
FN:222,cuentaActiva
FN:227,adminCuentas
FN:234,adminCambiarRol
FN:239,adminCambiarEstado
FNF:20
FNH:19
FNDA:12,con
FNDA:8,texto
FNDA:9,cajas
FNDA:2,agregarCaja
FNDA:0,cambiarColchon
FNDA:8,productos
FNDA:2,agregarProducto
FNDA:3,cambiarPrecio
FNDA:3,venderProducto
FNDA:2,comprimirImagen
FNDA:2,subirFoto
FNDA:65,urlFoto
FNDA:6,fiados
FNDA:2,agregarFiado
FNDA:3,abonar
FNDA:5,esAdmin
FNDA:4,cuentaActiva
FNDA:3,adminCuentas
FNDA:1,adminCambiarRol
FNDA:1,adminCambiarEstado
DA:1,7
DA:2,7
DA:3,7
DA:4,7
DA:5,7
DA:6,7
DA:7,7
DA:8,7
DA:9,7
DA:10,7
DA:11,7
DA:12,7
DA:13,7
DA:14,7
DA:15,7
DA:16,7
DA:17,7
DA:18,7
DA:19,7
DA:20,7
DA:21,7
DA:22,7
DA:23,7
DA:24,7
DA:25,7
DA:26,12
DA:27,12
DA:28,12
DA:29,7
DA:30,7
DA:31,7
DA:32,7
DA:33,7
DA:34,7
DA:35,7
DA:36,7
DA:37,7
DA:38,7
DA:39,7
DA:40,7
DA:41,7
DA:42,7
DA:43,9
DA:44,9
DA:45,9
DA:46,9
DA:47,9
DA:48,9
DA:49,9
DA:50,7
DA:51,7
DA:52,7
DA:53,7
DA:54,7
DA:55,2
DA:56,2
DA:57,2
DA:58,2
DA:59,2
DA:60,2
DA:61,2
DA:62,2
DA:63,2
DA:64,2
DA:65,2
DA:66,2
DA:67,2
DA:68,2
DA:69,2
DA:70,2
DA:71,2
DA:72,1
DA:73,7
DA:74,7
DA:75,7
DA:76,7
DA:77,7
DA:78,7
DA:79,0
DA:80,0
DA:81,0
DA:82,7
DA:83,7
DA:84,7
DA:85,7
DA:86,7
DA:87,7
DA:88,7
DA:89,8
DA:90,8
DA:91,8
DA:92,8
DA:93,8
DA:94,8
DA:95,8
DA:96,7
DA:97,7
DA:98,7
DA:99,7
DA:100,2
DA:101,2
DA:102,2
DA:103,2
DA:104,2
DA:105,2
DA:106,2
DA:107,2
DA:108,2
DA:109,2
DA:110,2
DA:111,2
DA:112,2
DA:113,7
DA:114,7
DA:115,7
DA:116,7
DA:117,3
DA:118,3
DA:119,3
DA:120,7
DA:121,7
DA:122,7
DA:123,7
DA:124,7
DA:125,7
DA:126,3
DA:127,3
DA:128,3
DA:129,3
DA:130,2
DA:131,7
DA:132,7
DA:133,7
DA:134,7
DA:135,7
DA:136,7
DA:137,7
DA:138,2
DA:139,2
DA:140,2
DA:141,2
DA:142,2
DA:143,2
DA:144,2
DA:145,2
DA:146,2
DA:147,2
DA:148,2
DA:149,2
DA:150,2
DA:151,2
DA:152,7
DA:153,7
DA:154,7
DA:155,7
DA:156,7
DA:157,7
DA:158,7
DA:159,2
DA:160,2
DA:161,2
DA:162,2
DA:163,2
DA:164,2
DA:165,2
DA:166,2
DA:167,2
DA:168,1
DA:169,7
DA:170,7
DA:171,7
DA:172,65
DA:173,1
DA:174,7
DA:175,7
DA:176,7
DA:177,7
DA:178,7
DA:179,7
DA:180,6
DA:181,6
DA:182,6
DA:183,6
DA:184,6
DA:185,6
DA:186,6
DA:187,7
DA:188,7
DA:189,7
DA:190,7
DA:191,7
DA:192,7
DA:193,2
DA:194,2
DA:195,2
DA:196,2
DA:197,7
DA:198,7
DA:199,7
DA:200,7
DA:201,7
DA:202,3
DA:203,3
DA:204,3
DA:205,3
DA:206,2
DA:207,7
DA:208,7
DA:209,7
DA:210,7
DA:211,7
DA:212,7
DA:213,7
DA:214,7
DA:215,7
DA:216,5
DA:217,5
DA:218,7
DA:219,7
DA:220,7
DA:221,7
DA:222,7
DA:223,4
DA:224,4
DA:225,7
DA:226,7
DA:227,7
DA:228,3
DA:229,3
DA:230,3
DA:231,7
DA:232,7
DA:233,7
DA:234,7
DA:235,1
DA:236,1
DA:237,7
DA:238,7
DA:239,7
DA:240,1
DA:241,1
DA:242,7
DA:243,7
LF:243
LH:240
BRDA:1,0,0,7
BRDA:25,1,0,18
BRDA:27,2,0,13
BRDA:29,3,0,13
BRDA:35,4,0,14
BRDA:35,5,0,6
BRDA:42,6,0,13
BRDA:48,7,0,4
BRDA:54,8,0,8
BRDA:59,9,0,6
BRDA:71,10,0,7
BRDA:88,11,0,12
BRDA:94,12,0,4
BRDA:99,13,0,8
BRDA:110,14,0,6
BRDA:112,15,0,7
BRDA:116,16,0,9
BRDA:118,17,0,6
BRDA:119,18,0,7
BRDA:125,19,0,9
BRDA:129,20,0,7
BRDA:130,21,0,8
BRDA:137,22,0,8
BRDA:145,23,0,8
BRDA:147,24,0,8
BRDA:147,25,0,6
BRDA:158,26,0,8
BRDA:166,27,0,7
BRDA:167,28,0,7
BRDA:161,29,0,70
BRDA:171,30,0,69
BRDA:172,31,0,68
BRDA:173,32,0,5
BRDA:179,33,0,10
BRDA:185,34,0,4
BRDA:192,35,0,8
BRDA:194,36,0,6
BRDA:196,37,0,7
BRDA:201,38,0,9
BRDA:205,39,0,7
BRDA:206,40,0,8
BRDA:215,41,0,7
BRDA:222,42,0,7
BRDA:224,43,0,3
BRDA:227,44,0,9
BRDA:229,45,0,6
BRDA:234,46,0,7
BRDA:236,47,0,6
BRDA:239,48,0,7
BRDA:241,49,0,6
BRF:50
BRH:50
end_of_record
TN:
SF:js/landing.js
FN:8,lempiras
FN:14,$
FN:22,mostrar
FN:29,paso
FN:39,pintar
FN:44,calcular
FN:106,IntersectionObserver.threshold
FN:122,abrir
FN:170,vuelta
FN:182,IntersectionObserver.threshold
FNF:10
FNH:8
FNDA:7,lempiras
FNDA:19,$
FNDA:5,mostrar
FNDA:0,paso
FNDA:3,pintar
FNDA:1,calcular
FNDA:1,IntersectionObserver.threshold
FNDA:1,abrir
FNDA:0,vuelta
FNDA:1,IntersectionObserver.threshold
DA:1,1
DA:2,1
DA:3,1
DA:4,1
DA:5,1
DA:6,1
DA:7,1
DA:8,1
DA:9,1
DA:10,1
DA:11,1
DA:12,1
DA:13,1
DA:14,1
DA:15,1
DA:16,1
DA:17,1
DA:18,1
DA:19,1
DA:20,1
DA:21,1
DA:22,1
DA:23,5
DA:24,5
DA:25,5
DA:26,5
DA:27,0
DA:28,0
DA:29,0
DA:30,0
DA:31,0
DA:32,0
DA:33,0
DA:34,0
DA:35,0
DA:36,5
DA:37,1
DA:38,1
DA:39,1
DA:40,3
DA:41,3
DA:42,3
DA:43,1
DA:44,1
DA:45,1
DA:46,1
DA:47,1
DA:48,1
DA:49,1
DA:50,1
DA:51,1
DA:52,1
DA:53,1
DA:54,1
DA:55,1
DA:56,1
DA:57,1
DA:58,1
DA:59,1
DA:60,1
DA:61,1
DA:62,1
DA:63,1
DA:64,1
DA:65,1
DA:66,1
DA:67,1
DA:68,1
DA:69,1
DA:70,1
DA:71,1
DA:72,1
DA:73,1
DA:74,1
DA:75,1
DA:76,0
DA:77,0
DA:78,0
DA:79,1
DA:80,1
DA:81,1
DA:82,1
DA:83,0
DA:84,0
DA:85,0
DA:86,0
DA:87,0
DA:88,0
DA:89,1
DA:90,1
DA:91,1
DA:92,1
DA:93,1
DA:94,1
DA:95,1
DA:96,1
DA:97,1
DA:98,1
DA:99,1
DA:100,1
DA:101,1
DA:102,1
DA:103,1
DA:104,1
DA:105,1
DA:106,1
DA:107,1
DA:108,18
DA:109,3
DA:110,3
DA:111,1
DA:112,1
DA:113,1
DA:114,1
DA:115,1
DA:116,1
DA:117,1
DA:118,1
DA:119,1
DA:120,1
DA:121,1
DA:122,1
DA:123,1
DA:124,1
DA:125,1
DA:126,1
DA:127,1
DA:128,1
DA:129,1
DA:130,1
DA:131,1
DA:132,1
DA:133,1
DA:134,1
DA:135,1
DA:136,0
DA:137,1
DA:138,1
DA:139,1
DA:140,1
DA:141,1
DA:142,1
DA:143,1
DA:144,0
DA:145,0
DA:146,0
DA:147,0
DA:148,0
DA:149,0
DA:150,0
DA:151,0
DA:152,1
DA:153,1
DA:154,0
DA:155,0
DA:156,1
DA:157,1
DA:158,1
DA:159,1
DA:160,1
DA:161,1
DA:162,1
DA:163,1
DA:164,1
DA:165,1
DA:166,1
DA:167,1
DA:168,1
DA:169,1
DA:170,1
DA:171,0
DA:172,0
DA:173,0
DA:174,0
DA:175,0
DA:176,0
DA:177,1
DA:178,1
DA:179,1
DA:180,1
DA:181,1
DA:182,1
DA:183,1
DA:184,1
DA:185,1
DA:186,1
DA:187,1
DA:188,1
DA:189,1
DA:190,1
DA:191,1
DA:192,1
LF:192
LH:157
BRDA:1,0,0,1
BRDA:8,1,0,7
BRDA:13,2,0,1
BRDA:16,3,0,0
BRDA:14,4,0,19
BRDA:22,5,0,5
BRDA:23,6,0,0
BRDA:27,7,0,0
BRDA:39,8,0,3
BRDA:44,9,0,1
BRDA:48,10,0,0
BRDA:75,11,0,0
BRDA:82,12,0,0
BRDA:99,13,0,1
BRDA:101,14,0,0
BRDA:162,15,0,0
BRDA:106,16,0,1
BRDA:107,17,0,18
BRDA:108,18,0,15
BRDA:109,19,0,3
BRDA:114,20,0,18
BRDA:122,21,0,1
BRDA:125,22,0,1
BRDA:182,23,0,1
BRDA:184,24,0,0
BRF:25
BRH:16
end_of_record
TN:
SF:js/login.js
FN:12,avisar
FN:18,limpiarAviso
FNF:2
FNH:0
FNDA:0,avisar
FNDA:0,limpiarAviso
DA:1,3
DA:2,3
DA:3,3
DA:4,3
DA:5,3
DA:6,3
DA:7,3
DA:8,3
DA:9,3
DA:10,3
DA:11,3
DA:12,0
DA:13,0
DA:14,0
DA:15,0
DA:16,0
DA:17,3
DA:18,0
DA:19,0
DA:20,0
DA:21,3
DA:22,3
DA:23,3
DA:24,3
DA:25,3
DA:26,3
DA:27,0
DA:28,0
DA:29,0
DA:30,0
DA:31,3
DA:32,3
DA:33,3
DA:34,3
DA:35,3
DA:36,0
DA:37,0
DA:38,0
DA:39,0
DA:40,3
DA:41,3
DA:42,0
DA:43,0
DA:44,0
DA:45,0
DA:46,0
DA:47,0
DA:48,0
DA:49,0
DA:50,0
DA:51,0
DA:52,0
DA:53,0
DA:54,0
DA:55,0
DA:56,0
DA:57,0
DA:58,0
DA:59,0
DA:60,0
DA:61,3
DA:62,3
DA:63,3
DA:64,3
DA:65,3
DA:66,3
DA:67,3
DA:68,3
DA:69,3
DA:70,3
DA:71,3
DA:72,0
DA:73,0
DA:74,0
DA:75,0
DA:76,0
DA:77,0
DA:78,0
DA:79,3
DA:80,3
LF:80
LH:38
BRDA:1,0,0,3
BRDA:22,1,0,3
BRDA:26,2,0,0
BRDA:35,3,0,0
BRDA:65,4,0,0
BRF:5
BRH:2
end_of_record
TN:
SF:js/sesion.js
FN:18,marcarSesion
FN:22,borrarMarca
FN:27,actual
FN:33,entrarConCorreo
FN:38,entrarConGoogle
FN:45,cerrar
FN:52,nombreDe
FN:62,proveedores
FN:77,exigirSesion
FNF:9
FNH:7
FNDA:6,marcarSesion
FNDA:1,borrarMarca
FNDA:9,actual
FNDA:0,entrarConCorreo
FNDA:0,entrarConGoogle
FNDA:1,cerrar
FNDA:3,nombreDe
FNDA:3,proveedores
FNDA:6,exigirSesion
DA:1,10
DA:2,10
DA:3,10
DA:4,10
DA:5,10
DA:6,10
DA:7,10
DA:8,10
DA:9,10
DA:10,10
DA:11,10
DA:12,10
DA:13,10
DA:14,10
DA:15,10
DA:16,10
DA:17,10
DA:18,6
DA:19,6
DA:20,6
DA:21,6
DA:22,1
DA:23,1
DA:24,1
DA:25,10
DA:26,10
DA:27,10
DA:28,9
DA:29,9
DA:30,9
DA:31,10
DA:32,10
DA:33,10
DA:34,0
DA:35,10
DA:36,10
DA:37,10
DA:38,10
DA:39,0
DA:40,0
DA:41,0
DA:42,0
DA:43,10
DA:44,10
DA:45,10
DA:46,1
DA:47,1
DA:48,10
DA:49,10
DA:50,10
DA:51,10
DA:52,10
DA:53,3
DA:54,3
DA:55,3
DA:56,3
DA:57,10
DA:58,10
DA:59,10
DA:60,10
DA:61,10
DA:62,10
DA:63,3
DA:64,3
DA:65,3
DA:66,3
DA:67,3
DA:68,3
DA:69,0
DA:70,0
DA:71,0
DA:72,0
DA:73,10
DA:74,10
DA:75,10
DA:76,10
DA:77,6
DA:78,6
DA:79,6
DA:80,6
DA:81,6
DA:82,0
DA:83,0
DA:84,0
DA:85,6
DA:86,6
LF:86
LH:74
BRDA:1,0,0,10
BRDA:10,1,0,0
BRDA:18,2,0,10
BRDA:19,3,0,4
BRDA:27,4,0,10
BRDA:28,5,0,1
BRDA:52,6,0,10
BRDA:53,7,0,7
BRDA:54,8,0,7
BRDA:55,9,0,7
BRDA:55,10,0,7
BRDA:56,11,0,7
BRDA:56,12,0,7
BRDA:77,13,0,10
BRDA:81,14,0,4
BRDA:62,15,0,10
BRDA:67,16,0,7
BRDA:68,17,0,7
BRDA:22,18,0,10
BRDA:45,19,0,10
BRF:20
BRH:19
end_of_record
TN:
SF:sw.js
FNF:0
FNH:0
DA:1,0
DA:2,0
DA:3,0
DA:4,0
DA:5,0
DA:6,0
DA:7,0
DA:8,0
DA:9,0
DA:10,0
DA:11,0
DA:12,0
DA:13,0
DA:14,0
DA:15,0
DA:16,0
DA:17,0
DA:18,0
DA:19,0
DA:20,0
DA:21,0
DA:22,0
DA:23,0
DA:24,0
DA:25,0
DA:26,0
DA:27,0
DA:28,0
DA:29,0
DA:30,0
DA:31,0
DA:32,0
DA:33,0
DA:34,0
DA:35,0
DA:36,0
DA:37,0
DA:38,0
DA:39,0
DA:40,0
DA:41,0
DA:42,0
DA:43,0
DA:44,0
DA:45,0
DA:46,0
DA:47,0
DA:48,0
DA:49,0
DA:50,0
DA:51,0
DA:52,0
DA:53,0
DA:54,0
DA:55,0
DA:56,0
DA:57,0
DA:58,0
DA:59,0
DA:60,0
DA:61,0
DA:62,0
DA:63,0
LF:63
LH:0
BRDA:1,0,0,0
BRF:1
BRH:0
end_of_record
